AndroidPlatformFactory.RegisterBuildPlatforms: UnrealBuildTool.AndroidPlatformSDK has no valid SDK
IOSPlatformFactory.RegisterBuildPlatforms: UnrealBuildTool.IOSPlatformSDK has no valid SDK
LinuxPlatformFactory.RegisterBuildPlatforms: UnrealBuildTool.LinuxPlatformSDK has no valid SDK
WindowsPlatformFactory.RegisterBuildPlatforms: UnrealBuildTool.WindowsPlatformSDK using manually installed SDK
ProjectFileGenerator.GenerateProjectFiles: Discovering modules, targets and source code for project...
WindowsPlatform.FindVisualStudioInstallations: Found Visual Studio installation: C:\Program Files (x86)\Microsoft Visual Studio\2019\Community (Product=Microsoft.VisualStudio.Product.Community, Version=16.8.30717.126)
WindowsPlatform.GetDefaultCompiler: WARNING: Visual Studio 2019 is installed, but is missing the C++ toolchain. Please verify that the "VC++ 2019 toolset" component is selected in the Visual Studio 2019 installation options.
UnrealBuildTool.Main: ERROR: Visual Studio 2019 must be installed in order to build this target.
UnrealBuildTool.Main: BuildException: Visual Studio 2019 must be installed in order to build this target.
UnrealBuildTool.Main:    at UnrealBuildTool.VCEnvironment.Create(WindowsCompiler Compiler, UnrealTargetPlatform Platform, WindowsArchitecture Architecture, String CompilerVersion, String WindowsSdkVersion, String SuppliedSdkDirectoryForVersion) in D:\Build\++UE4\Sync\Engine\Source\Programs\UnrealBuildTool\Platform\Windows\VCEnvironment.cs:line 510
UnrealBuildTool.Main:    at UnrealBuildTool.WindowsPlatform.CreateVCEnvironment(TargetRules Target) in D:\Build\++UE4\Sync\Engine\Source\Programs\UnrealBuildTool\Platform\Windows\UEBuildWindows.cs:line 770
UnrealBuildTool.Main:    at UnrealBuildTool.WindowsPlatform.ValidateTarget(TargetRules Target) in D:\Build\++UE4\Sync\Engine\Source\Programs\UnrealBuildTool\Platform\Windows\UEBuildWindows.cs:line 852
UnrealBuildTool.Main:    at UnrealBuildTool.RulesAssembly.CreateTargetRulesInstance(String TypeName, TargetInfo TargetInfo) in D:\Build\++UE4\Sync\Engine\Source\Programs\UnrealBuildTool\System\RulesAssembly.cs:line 599
UnrealBuildTool.Main:    at UnrealBuildTool.RulesAssembly.CreateTargetRules(String TargetName, UnrealTargetPlatform Platform, UnrealTargetConfiguration Configuration, String Architecture, FileReference ProjectFile, CommandLineArguments Arguments) in D:\Build\++UE4\Sync\Engine\Source\Programs\UnrealBuildTool\System\RulesAssembly.cs:line 659
UnrealBuildTool.Main:    at UnrealBuildTool.ProjectFileGenerator.AddProjectsForAllTargets(PlatformProjectGeneratorCollection PlatformProjectGenerators, List`1 AllGames, List`1 AllTargetFiles, String[] Arguments, ProjectFile& EngineProject, ProjectFile& EnterpriseProject, List`1& GameProjects, Dictionary`2& ProgramProjects) in D:\Build\++UE4\Sync\Engine\Source\Programs\UnrealBuildTool\ProjectFiles\ProjectFileGenerator.cs:line 2318
UnrealBuildTool.Main:    at UnrealBuildTool.ProjectFileGenerator.GenerateProjectFiles(PlatformProjectGeneratorCollection PlatformProjectGenerators, String[] Arguments) in D:\Build\++UE4\Sync\Engine\Source\Programs\UnrealBuildTool\ProjectFiles\ProjectFileGenerator.cs:line 753
UnrealBuildTool.Main:    at UnrealBuildTool.GenerateProjectFilesMode.Execute(CommandLineArguments Arguments) in D:\Build\++UE4\Sync\Engine\Source\Programs\UnrealBuildTool\Modes\GenerateProjectFilesMode.cs:line 204
UnrealBuildTool.Main:    at UnrealBuildTool.UnrealBuildTool.Main(String[] ArgumentsArray) in D:\Build\++UE4\Sync\Engine\Source\Programs\UnrealBuildTool\UnrealBuildTool.cs:line 550
Timeline.Print: Timeline:
Timeline.Print: 
Timeline.Print: [ 0.000]
Timeline.Print: [ 0.000](+0.077) <unknown>
Timeline.Print: [ 0.077](+0.145) XmlConfig.ReadConfigFiles()
Timeline.Print: [ 0.223](+0.000) SingleInstanceMutex.Acquire()
Timeline.Print: [ 0.223](+0.061) UEBuildPlatform.RegisterPlatforms()
Timeline.Print:   0.224          [ 0.000](+0.031) Initializing InstalledPlatformInfo
Timeline.Print:   0.255          [ 0.031](+0.000) Querying types
Timeline.Print:   0.256          [ 0.033](+0.001) MacPlatformFactory
Timeline.Print:   0.257          [ 0.034](+0.000) TVOSPlatformFactory
Timeline.Print:   0.258          [ 0.034](+0.017) AndroidPlatformFactory
Timeline.Print:   0.276          [ 0.052](+0.001) HoloLensPlatformFactory
Timeline.Print:   0.277          [ 0.053](+0.003) IOSPlatformFactory
Timeline.Print:   0.280          [ 0.056](+0.003) LinuxPlatformFactory
Timeline.Print:   0.284          [ 0.060](+0.000) LuminPlatformFactory
Timeline.Print:   0.284          [ 0.060](+0.000) WindowsPlatformFactory
Timeline.Print: [ 0.285](+0.373) <unknown>
Timeline.Print: [ 0.659](+0.001) Finding engine modules
Timeline.Print: [ 0.660](+0.002) Finding plugin modules
Timeline.Print: [ 0.663](+0.034) <unknown>
Timeline.Print: [ 0.698](+0.000) Finding program modules
Timeline.Print: [ 0.698](+0.000) Finding program targets
Timeline.Print: [ 0.698](+0.057) <unknown>
Timeline.Print: [ 0.755](+0.000) FileMetadataPrefetch.Stop()
Timeline.Print: [ 0.757]
